Flow report for Reg_behavior
Sun Jun 02 11:59:32 2024
Quartus II Version 9.0 Build 235 06/17/2009 Service Pack 2 SJ Web Edition


---------------------
; Table of Contents ;
---------------------
  1. Legal Notice
  2. Flow Summary
  3. Flow Settings
  4. Flow Non-Default Global Settings
  5. Flow Elapsed Time
  6. Flow OS Summary
  7. Flow Log



----------------
; Legal Notice ;
----------------
Copyright (C) 1991-2009 Altera Corporation
Your use of Altera Corporation's design tools, logic functions 
and other software and tools, and its AMPP partner logic 
functions, and any output files from any of the foregoing 
(including device programming or simulation files), and any 
associated documentation or information are expressly subject 
to the terms and conditions of the Altera Program License 
Subscription Agreement, Altera MegaCore Function License 
Agreement, or other applicable license agreement, including, 
without limitation, that your use is for the sole purpose of 
programming logic devices manufactured by Altera and sold by 
Altera or its authorized distributors.  Please refer to the 
applicable agreement for further details.



+------------------------------------------------------------------------------+
; Flow Summary                                                                 ;
+-------------------------------+----------------------------------------------+
; Flow Status                   ; Successful - Sun Jun 02 11:59:02 2024        ;
; Quartus II Version            ; 9.0 Build 235 06/17/2009 SP 2 SJ Web Edition ;
; Revision Name                 ; Reg_behavior                                 ;
; Top-level Entity Name         ; Reg_behavior                                 ;
; Family                        ; Stratix III                                  ;
; Met timing requirements       ; N/A                                          ;
; Logic utilization             ; 92 %                                         ;
;     Combinational ALUTs       ; 11,984 / 38,000 ( 32 % )                     ;
;     Memory ALUTs              ; 0 / 19,000 ( 0 % )                           ;
;     Dedicated logic registers ; 32,768 / 38,000 ( 86 % )                     ;
; Total registers               ; 32768                                        ;
; Total pins                    ; 86 / 296 ( 29 % )                            ;
; Total virtual pins            ; 0                                            ;
; Total block memory bits       ; 0 / 1,880,064 ( 0 % )                        ;
; DSP block 18-bit elements     ; 0 / 216 ( 0 % )                              ;
; Total PLLs                    ; 0 / 4 ( 0 % )                                ;
; Total DLLs                    ; 0 / 4 ( 0 % )                                ;
; Device                        ; EP3SL50F484C2                                ;
; Timing Models                 ; Final                                        ;
+-------------------------------+----------------------------------------------+


+-----------------------------------------+
; Flow Settings                           ;
+-------------------+---------------------+
; Option            ; Setting             ;
+-------------------+---------------------+
; Start date & time ; 06/02/2024 11:56:04 ;
; Main task         ; Compilation         ;
; Revision Name     ; Reg_behavior        ;
+-------------------+---------------------+


+---------------------------------------------------------------------------------------------------------------------+
; Flow Non-Default Global Settings                                                                                    ;
+------------------------------------+---------------------------------+---------------+-------------+----------------+
; Assignment Name                    ; Value                           ; Default Value ; Entity Name ; Section Id     ;
+------------------------------------+---------------------------------+---------------+-------------+----------------+
; COMPILER_SIGNATURE_ID              ; 136411536078524.171730056428652 ; --            ; --          ; --             ;
; PARTITION_COLOR                    ; 16764057                        ; --            ; --          ; Top            ;
; PARTITION_NETLIST_TYPE             ; SOURCE                          ; --            ; --          ; Top            ;
; USE_GENERATED_PHYSICAL_CONSTRAINTS ; Off                             ; --            ; --          ; eda_blast_fpga ;
+------------------------------------+---------------------------------+---------------+-------------+----------------+


+-------------------------------------------------------------------------------------------------------------------------------+
; Flow Elapsed Time                                                                                                             ;
+---------------------------+--------------+-------------------------+---------------------+------------------------------------+
; Module Name               ; Elapsed Time ; Average Processors Used ; Peak Virtual Memory ; Total CPU Time (on all processors) ;
+---------------------------+--------------+-------------------------+---------------------+------------------------------------+
; Analysis & Synthesis      ; 00:00:33     ; 1.0                     ; 312 MB              ; 00:00:33                           ;
; Fitter                    ; 00:02:05     ; 1.0                     ; 584 MB              ; 00:02:04                           ;
; Assembler                 ; 00:00:07     ; 1.0                     ; 393 MB              ; 00:00:06                           ;
; TimeQuest Timing Analyzer ; 00:00:29     ; 1.0                     ; 502 MB              ; 00:00:29                           ;
; Total                     ; 00:03:14     ; --                      ; --                  ; 00:03:12                           ;
+---------------------------+--------------+-------------------------+---------------------+------------------------------------+


+--------------------------------------------------------------------------------------------+
; Flow OS Summary                                                                            ;
+---------------------------+------------------+---------------+------------+----------------+
; Module Name               ; Machine Hostname ; OS Name       ; OS Version ; Processor type ;
+---------------------------+------------------+---------------+------------+----------------+
; Analysis & Synthesis      ; LAPTOP-505JEFA5  ; Windows Vista ; 6.2        ; x86_64         ;
; Fitter                    ; LAPTOP-505JEFA5  ; Windows Vista ; 6.2        ; x86_64         ;
; Assembler                 ; LAPTOP-505JEFA5  ; Windows Vista ; 6.2        ; x86_64         ;
; TimeQuest Timing Analyzer ; LAPTOP-505JEFA5  ; Windows Vista ; 6.2        ; x86_64         ;
+---------------------------+------------------+---------------+------------+----------------+


------------
; Flow Log ;
------------
quartus_map --read_settings_files=on --write_settings_files=off Reg_behavior -c Reg_behavior
quartus_fit --read_settings_files=off --write_settings_files=off Reg_behavior -c Reg_behavior
quartus_asm --read_settings_files=off --write_settings_files=off Reg_behavior -c Reg_behavior
quartus_sta Reg_behavior -c Reg_behavior



